2021-12-21 01:46:45,155 : INFO : __main__ : The sampled x is: [[0 0 0 0 0]
 [0 0 0 0 0]
 [1 0 0 0 1]
 [0 0 0 1 1]
 [1 0 1 1 1]]
2021-12-21 01:46:45,173 : INFO : __main__ : The  true probability is: [[0.         0.         0.         0.         0.        ]
 [0.         0.         0.         0.         0.        ]
 [0.         0.         0.         0.         0.        ]
 [0.         0.         0.         0.         0.        ]
 [0.         0.07723378 0.09965589 0.17695509 0.16515715]]
2021-12-21 01:49:40,873 : INFO : __main__ : The estimated probability p(x=1|y) = [[0.051 0.101 0.035 0.042 0.066]
 [0.035 0.017 0.011 0.118 0.229]
 [0.038 0.007 0.09  0.226 0.434]
 [0.039 0.083 0.328 0.378 0.642]
 [0.155 0.285 0.403 0.511 0.503]]
2021-12-25 23:11:23,276 : INFO : __main__ : The sampled x is: [[1 1 0 0 1]
 [1 1 0 0 1]
 [0 0 0 0 1]
 [1 1 1 0 1]
 [1 1 0 1 1]]
2021-12-25 23:11:23,286 : INFO : __main__ : The sampled y is: [[ 1.40039153  2.4934872  -0.96489984  0.02243955  0.78256009]
 [ 0.21413689  0.94587766  1.28066397 -0.61048147  2.50438133]
 [-0.65612939 -0.04751423  2.63569314 -0.80292767  1.22183626]
 [ 1.15116448  0.43493631  2.5422993  -0.278332    2.81671522]
 [ 1.18849652  0.98572455  0.21460107  2.60149843 -0.16953479]]
2021-12-25 23:13:33,723 : INFO : __main__ : The sampled x is: [[1 1 0 0 0]
 [1 1 0 0 0]
 [0 0 0 0 0]
 [0 0 0 0 0]
 [0 0 0 0 0]]
2021-12-25 23:13:33,727 : INFO : __main__ : The sampled y is: [[ 1.84165499  1.85000021 -0.05267821 -2.15033303 -0.75516876]
 [-0.67750246  2.16604818 -1.69537093  1.76160986  0.51988815]
 [-0.4589055   0.91791598 -0.15486616 -0.36646284  0.20145768]
 [ 0.43634763  0.72607065 -0.0312434  -0.27895262 -0.24993305]
 [ 0.54931242 -2.95116114 -0.37637944  0.7042815  -1.57491637]]
2021-12-28 22:17:21,401 : INFO : __main__ : The sampled x is: [[1 1 1 1 1]
 [1 1 1 1 1]
 [1 1 1 1 1]
 [1 1 1 1 1]
 [1 1 1 0 1]]
2021-12-28 22:17:21,403 : INFO : __main__ : The sampled y is: [[ 1.12394296  1.93604989  1.29733012  2.28706531  1.89175775]
 [ 0.21060333  2.01258485  1.76135494  0.28466702 -0.57350169]
 [ 1.13629946  0.96366533  0.4769108   2.74035392 -1.0986966 ]
 [ 1.14205407  0.72839782  1.07481377 -1.16915695  1.66621771]
 [ 0.71462959  1.71224286  1.2584767   0.84272283  0.07834539]]
2021-12-28 22:17:21,404 : INFO : __main__ : The  true probability is: [[0.89281651 0.97596663 0.96937225 0.97384065 0.89536511]
 [0.88703589 0.98905988 0.98613419 0.90553754 0.62336015]
 [0.93961155 0.97372573 0.9613243  0.95529946 0.54223134]
 [0.93294333 0.96002931 0.94226847 0.72828578 0.77183075]
 [0.86159537 0.95412458 0.92387066 0.78999799 0.65206973]]
2021-12-28 22:29:50,001 : INFO : __main__ : The sampled x is: [[1 1 1 1 1]
 [1 1 1 1 1]
 [1 1 1 1 1]
 [1 1 1 1 1]
 [1 1 1 0 1]]
2021-12-28 22:29:50,003 : INFO : __main__ : The sampled y is: [[ 1.12394296  1.93604989  1.29733012  2.28706531  1.89175775]
 [ 0.21060333  2.01258485  1.76135494  0.28466702 -0.57350169]
 [ 1.13629946  0.96366533  0.4769108   2.74035392 -1.0986966 ]
 [ 1.14205407  0.72839782  1.07481377 -1.16915695  1.66621771]
 [ 0.71462959  1.71224286  1.2584767   0.84272283  0.07834539]]
2021-12-28 22:29:50,004 : INFO : __main__ : The  true probability is: [[0.89281651 0.97596663 0.96937225 0.97384065 0.89536511]
 [0.88703589 0.98905988 0.98613419 0.90553754 0.62336015]
 [0.93961155 0.97372573 0.9613243  0.95529946 0.54223134]
 [0.93294333 0.96002931 0.94226847 0.72828578 0.77183075]
 [0.86159537 0.95412458 0.92387066 0.78999799 0.65206973]]
2021-12-28 22:32:19,992 : INFO : __main__ : The sampled x is: [[1 1 1 1 1]
 [1 1 1 1 1]
 [1 1 1 1 1]
 [1 1 1 1 1]
 [1 1 1 0 1]]
2021-12-28 22:32:19,992 : INFO : __main__ : The sampled y is: [[ 1.12394296  1.93604989  1.29733012  2.28706531  1.89175775]
 [ 0.21060333  2.01258485  1.76135494  0.28466702 -0.57350169]
 [ 1.13629946  0.96366533  0.4769108   2.74035392 -1.0986966 ]
 [ 1.14205407  0.72839782  1.07481377 -1.16915695  1.66621771]
 [ 0.71462959  1.71224286  1.2584767   0.84272283  0.07834539]]
2021-12-28 22:32:19,993 : INFO : __main__ : The  true probability is: [[0.89281651 0.97596663 0.96937225 0.97384065 0.89536511]
 [0.88703589 0.98905988 0.98613419 0.90553754 0.62336015]
 [0.93961155 0.97372573 0.9613243  0.95529946 0.54223134]
 [0.93294333 0.96002931 0.94226847 0.72828578 0.77183075]
 [0.86159537 0.95412458 0.92387066 0.78999799 0.65206973]]
2021-12-28 22:32:59,040 : INFO : __main__ : The sampled x is: [[1 1 1 1 1]
 [1 1 1 1 1]
 [1 1 1 1 1]
 [1 1 1 1 1]
 [1 1 1 0 1]]
2021-12-28 22:32:59,042 : INFO : __main__ : The sampled y is: [[ 1.12394296  1.93604989  1.29733012  2.28706531  1.89175775]
 [ 0.21060333  2.01258485  1.76135494  0.28466702 -0.57350169]
 [ 1.13629946  0.96366533  0.4769108   2.74035392 -1.0986966 ]
 [ 1.14205407  0.72839782  1.07481377 -1.16915695  1.66621771]
 [ 0.71462959  1.71224286  1.2584767   0.84272283  0.07834539]]
2021-12-28 22:32:59,043 : INFO : __main__ : The  true probability is: [[0.89281651 0.97596663 0.96937225 0.97384065 0.89536511]
 [0.88703589 0.98905988 0.98613419 0.90553754 0.62336015]
 [0.93961155 0.97372573 0.9613243  0.95529946 0.54223134]
 [0.93294333 0.96002931 0.94226847 0.72828578 0.77183075]
 [0.86159537 0.95412458 0.92387066 0.78999799 0.65206973]]
2021-12-28 22:33:22,333 : INFO : __main__ : The sampled x is: [[1 1 1 1 1]
 [1 1 1 1 1]
 [1 1 1 1 1]
 [1 1 1 1 1]
 [1 1 1 0 1]]
2021-12-28 22:33:22,335 : INFO : __main__ : The sampled y is: [[ 1.12394296  1.93604989  1.29733012  2.28706531  1.89175775]
 [ 0.21060333  2.01258485  1.76135494  0.28466702 -0.57350169]
 [ 1.13629946  0.96366533  0.4769108   2.74035392 -1.0986966 ]
 [ 1.14205407  0.72839782  1.07481377 -1.16915695  1.66621771]
 [ 0.71462959  1.71224286  1.2584767   0.84272283  0.07834539]]
2021-12-28 22:33:22,336 : INFO : __main__ : The  true probability is: [[0.89281651 0.97596663 0.96937225 0.97384065 0.89536511]
 [0.88703589 0.98905988 0.98613419 0.90553754 0.62336015]
 [0.93961155 0.97372573 0.9613243  0.95529946 0.54223134]
 [0.93294333 0.96002931 0.94226847 0.72828578 0.77183075]
 [0.86159537 0.95412458 0.92387066 0.78999799 0.65206973]]
2021-12-28 22:34:32,883 : INFO : __main__ : The sampled x is: [[1 1 1 1 1]
 [1 1 1 1 1]
 [1 1 1 1 1]
 [1 1 1 1 1]
 [1 1 1 0 1]]
2021-12-28 22:34:32,885 : INFO : __main__ : The sampled y is: [[ 1.12394296  1.93604989  1.29733012  2.28706531  1.89175775]
 [ 0.21060333  2.01258485  1.76135494  0.28466702 -0.57350169]
 [ 1.13629946  0.96366533  0.4769108   2.74035392 -1.0986966 ]
 [ 1.14205407  0.72839782  1.07481377 -1.16915695  1.66621771]
 [ 0.71462959  1.71224286  1.2584767   0.84272283  0.07834539]]
2021-12-28 22:34:32,887 : INFO : __main__ : The  true probability is: [[0.89281651 0.97596663 0.96937225 0.97384065 0.89536511]
 [0.88703589 0.98905988 0.98613419 0.90553754 0.62336015]
 [0.93961155 0.97372573 0.9613243  0.95529946 0.54223134]
 [0.93294333 0.96002931 0.94226847 0.72828578 0.77183075]
 [0.86159537 0.95412458 0.92387066 0.78999799 0.65206973]]
2021-12-28 22:39:46,807 : INFO : __main__ : The sampled x is: [[1 1 1 1 1]
 [1 1 1 1 1]
 [1 1 1 1 1]
 [1 1 1 1 1]
 [1 1 1 0 1]]
2021-12-28 22:39:46,808 : INFO : __main__ : The sampled y is: [[ 1.12394296  1.93604989  1.29733012  2.28706531  1.89175775]
 [ 0.21060333  2.01258485  1.76135494  0.28466702 -0.57350169]
 [ 1.13629946  0.96366533  0.4769108   2.74035392 -1.0986966 ]
 [ 1.14205407  0.72839782  1.07481377 -1.16915695  1.66621771]
 [ 0.71462959  1.71224286  1.2584767   0.84272283  0.07834539]]
2021-12-28 22:39:46,808 : INFO : __main__ : The  true probability is: [[0.89281651 0.97596663 0.96937225 0.97384065 0.89536511]
 [0.88703589 0.98905988 0.98613419 0.90553754 0.62336015]
 [0.93961155 0.97372573 0.9613243  0.95529946 0.54223134]
 [0.93294333 0.96002931 0.94226847 0.72828578 0.77183075]
 [0.86159537 0.95412458 0.92387066 0.78999799 0.65206973]]
2021-12-29 00:52:39,527 : INFO : __main__ : The sampled x is: [[1 1 1 1 1]
 [1 1 1 1 1]
 [1 1 1 1 1]
 [1 1 1 1 1]
 [1 1 1 0 1]]
2021-12-29 00:52:39,528 : INFO : __main__ : The sampled y is: [[ 1.12394296  1.93604989  1.29733012  2.28706531  1.89175775]
 [ 0.21060333  2.01258485  1.76135494  0.28466702 -0.57350169]
 [ 1.13629946  0.96366533  0.4769108   2.74035392 -1.0986966 ]
 [ 1.14205407  0.72839782  1.07481377 -1.16915695  1.66621771]
 [ 0.71462959  1.71224286  1.2584767   0.84272283  0.07834539]]
2021-12-29 00:52:39,529 : INFO : __main__ : The  true probability is: [[0.89281651 0.97596663 0.96937225 0.97384065 0.89536511]
 [0.88703589 0.98905988 0.98613419 0.90553754 0.62336015]
 [0.93961155 0.97372573 0.9613243  0.95529946 0.54223134]
 [0.93294333 0.96002931 0.94226847 0.72828578 0.77183075]
 [0.86159537 0.95412458 0.92387066 0.78999799 0.65206973]]
2021-12-29 00:54:15,927 : INFO : __main__ : The sampled x is: [[1 1 1 1 1]
 [1 1 1 1 1]
 [1 1 1 1 1]
 [1 1 1 1 1]
 [1 1 1 0 1]]
2021-12-29 00:54:15,929 : INFO : __main__ : The sampled y is: [[ 1.12394296  1.93604989  1.29733012  2.28706531  1.89175775]
 [ 0.21060333  2.01258485  1.76135494  0.28466702 -0.57350169]
 [ 1.13629946  0.96366533  0.4769108   2.74035392 -1.0986966 ]
 [ 1.14205407  0.72839782  1.07481377 -1.16915695  1.66621771]
 [ 0.71462959  1.71224286  1.2584767   0.84272283  0.07834539]]
2021-12-29 00:54:15,930 : INFO : __main__ : The  true probability is: [[0.89281651 0.97596663 0.96937225 0.97384065 0.89536511]
 [0.88703589 0.98905988 0.98613419 0.90553754 0.62336015]
 [0.93961155 0.97372573 0.9613243  0.95529946 0.54223134]
 [0.93294333 0.96002931 0.94226847 0.72828578 0.77183075]
 [0.86159537 0.95412458 0.92387066 0.78999799 0.65206973]]
2021-12-29 00:54:44,774 : INFO : __main__ : The sampled x is: [[1 1 1 1 1]
 [1 1 1 1 1]
 [1 1 1 1 1]
 [1 1 1 1 1]
 [1 1 1 0 1]]
2021-12-29 00:54:44,777 : INFO : __main__ : The sampled y is: [[ 1.12394296  1.93604989  1.29733012  2.28706531  1.89175775]
 [ 0.21060333  2.01258485  1.76135494  0.28466702 -0.57350169]
 [ 1.13629946  0.96366533  0.4769108   2.74035392 -1.0986966 ]
 [ 1.14205407  0.72839782  1.07481377 -1.16915695  1.66621771]
 [ 0.71462959  1.71224286  1.2584767   0.84272283  0.07834539]]
2021-12-29 00:54:44,779 : INFO : __main__ : The  true probability is: [[0.89281651 0.97596663 0.96937225 0.97384065 0.89536511]
 [0.88703589 0.98905988 0.98613419 0.90553754 0.62336015]
 [0.93961155 0.97372573 0.9613243  0.95529946 0.54223134]
 [0.93294333 0.96002931 0.94226847 0.72828578 0.77183075]
 [0.86159537 0.95412458 0.92387066 0.78999799 0.65206973]]
2021-12-29 01:00:11,153 : INFO : __main__ : The sampled x is: [[1 1 1 1 1]
 [1 1 1 1 1]
 [1 1 1 1 1]
 [1 1 1 1 1]
 [1 1 1 0 1]]
2021-12-29 01:00:11,155 : INFO : __main__ : The sampled y is: [[ 1.12394296  1.93604989  1.29733012  2.28706531  1.89175775]
 [ 0.21060333  2.01258485  1.76135494  0.28466702 -0.57350169]
 [ 1.13629946  0.96366533  0.4769108   2.74035392 -1.0986966 ]
 [ 1.14205407  0.72839782  1.07481377 -1.16915695  1.66621771]
 [ 0.71462959  1.71224286  1.2584767   0.84272283  0.07834539]]
2021-12-29 01:00:11,156 : INFO : __main__ : The  true probability is: [[0.89281651 0.97596663 0.96937225 0.97384065 0.89536511]
 [0.88703589 0.98905988 0.98613419 0.90553754 0.62336015]
 [0.93961155 0.97372573 0.9613243  0.95529946 0.54223134]
 [0.93294333 0.96002931 0.94226847 0.72828578 0.77183075]
 [0.86159537 0.95412458 0.92387066 0.78999799 0.65206973]]
2021-12-29 01:02:17,750 : INFO : __main__ : The sampled x is: [[1 1 1 1 1]
 [1 1 1 1 1]
 [1 1 1 1 1]
 [1 1 1 1 1]
 [1 1 1 0 1]]
2021-12-29 01:02:17,751 : INFO : __main__ : The sampled y is: [[ 1.12394296  1.93604989  1.29733012  2.28706531  1.89175775]
 [ 0.21060333  2.01258485  1.76135494  0.28466702 -0.57350169]
 [ 1.13629946  0.96366533  0.4769108   2.74035392 -1.0986966 ]
 [ 1.14205407  0.72839782  1.07481377 -1.16915695  1.66621771]
 [ 0.71462959  1.71224286  1.2584767   0.84272283  0.07834539]]
2021-12-29 01:02:17,752 : INFO : __main__ : The  true probability is: [[0.89281651 0.97596663 0.96937225 0.97384065 0.89536511]
 [0.88703589 0.98905988 0.98613419 0.90553754 0.62336015]
 [0.93961155 0.97372573 0.9613243  0.95529946 0.54223134]
 [0.93294333 0.96002931 0.94226847 0.72828578 0.77183075]
 [0.86159537 0.95412458 0.92387066 0.78999799 0.65206973]]
2021-12-29 01:02:33,965 : INFO : __main__ : The sampled x is: [[1 1 1 1 1]
 [1 1 1 1 1]
 [1 1 1 1 1]
 [1 1 1 1 1]
 [1 1 1 0 1]]
2021-12-29 01:02:33,968 : INFO : __main__ : The sampled y is: [[ 1.12394296  1.93604989  1.29733012  2.28706531  1.89175775]
 [ 0.21060333  2.01258485  1.76135494  0.28466702 -0.57350169]
 [ 1.13629946  0.96366533  0.4769108   2.74035392 -1.0986966 ]
 [ 1.14205407  0.72839782  1.07481377 -1.16915695  1.66621771]
 [ 0.71462959  1.71224286  1.2584767   0.84272283  0.07834539]]
2021-12-29 01:02:33,969 : INFO : __main__ : The  true probability is: [[0.89281651 0.97596663 0.96937225 0.97384065 0.89536511]
 [0.88703589 0.98905988 0.98613419 0.90553754 0.62336015]
 [0.93961155 0.97372573 0.9613243  0.95529946 0.54223134]
 [0.93294333 0.96002931 0.94226847 0.72828578 0.77183075]
 [0.86159537 0.95412458 0.92387066 0.78999799 0.65206973]]
2021-12-29 01:09:01,699 : INFO : __main__ : The sampled x is: [[1 1 1 1 1]
 [1 1 1 1 1]
 [1 1 1 1 1]
 [1 1 1 1 1]
 [1 1 1 0 1]]
2021-12-29 01:09:01,702 : INFO : __main__ : The sampled y is: [[ 1.12394296  1.93604989  1.29733012  2.28706531  1.89175775]
 [ 0.21060333  2.01258485  1.76135494  0.28466702 -0.57350169]
 [ 1.13629946  0.96366533  0.4769108   2.74035392 -1.0986966 ]
 [ 1.14205407  0.72839782  1.07481377 -1.16915695  1.66621771]
 [ 0.71462959  1.71224286  1.2584767   0.84272283  0.07834539]]
2021-12-29 01:09:01,703 : INFO : __main__ : The  true probability is: [[0.89281651 0.97596663 0.96937225 0.97384065 0.89536511]
 [0.88703589 0.98905988 0.98613419 0.90553754 0.62336015]
 [0.93961155 0.97372573 0.9613243  0.95529946 0.54223134]
 [0.93294333 0.96002931 0.94226847 0.72828578 0.77183075]
 [0.86159537 0.95412458 0.92387066 0.78999799 0.65206973]]
2021-12-29 01:14:24,286 : INFO : __main__ : The sampled x is: [[1 1 1 1 1]
 [1 1 1 1 1]
 [1 1 1 1 1]
 [1 1 1 1 1]
 [1 1 1 0 1]]
2021-12-29 01:14:24,288 : INFO : __main__ : The sampled y is: [[ 1.12394296  1.93604989  1.29733012  2.28706531  1.89175775]
 [ 0.21060333  2.01258485  1.76135494  0.28466702 -0.57350169]
 [ 1.13629946  0.96366533  0.4769108   2.74035392 -1.0986966 ]
 [ 1.14205407  0.72839782  1.07481377 -1.16915695  1.66621771]
 [ 0.71462959  1.71224286  1.2584767   0.84272283  0.07834539]]
2021-12-29 01:14:24,289 : INFO : __main__ : The  true probability is: [[0.89281651 0.97596663 0.96937225 0.97384065 0.89536511]
 [0.88703589 0.98905988 0.98613419 0.90553754 0.62336015]
 [0.93961155 0.97372573 0.9613243  0.95529946 0.54223134]
 [0.93294333 0.96002931 0.94226847 0.72828578 0.77183075]
 [0.86159537 0.95412458 0.92387066 0.78999799 0.65206973]]
2021-12-29 01:14:38,909 : INFO : __main__ : The sampled x is: [[1 1 1 1 1]
 [1 1 1 1 1]
 [1 1 1 1 1]
 [1 1 1 1 1]
 [1 1 1 0 1]]
2021-12-29 01:14:38,912 : INFO : __main__ : The sampled y is: [[ 1.12394296  1.93604989  1.29733012  2.28706531  1.89175775]
 [ 0.21060333  2.01258485  1.76135494  0.28466702 -0.57350169]
 [ 1.13629946  0.96366533  0.4769108   2.74035392 -1.0986966 ]
 [ 1.14205407  0.72839782  1.07481377 -1.16915695  1.66621771]
 [ 0.71462959  1.71224286  1.2584767   0.84272283  0.07834539]]
2021-12-29 01:14:38,913 : INFO : __main__ : The  true probability is: [[0.89281651 0.97596663 0.96937225 0.97384065 0.89536511]
 [0.88703589 0.98905988 0.98613419 0.90553754 0.62336015]
 [0.93961155 0.97372573 0.9613243  0.95529946 0.54223134]
 [0.93294333 0.96002931 0.94226847 0.72828578 0.77183075]
 [0.86159537 0.95412458 0.92387066 0.78999799 0.65206973]]
2021-12-29 01:15:37,836 : INFO : __main__ : The sampled x is: [[1 1 1 1 1]
 [1 1 1 1 1]
 [1 1 1 1 1]
 [1 1 1 1 1]
 [1 1 1 0 1]]
2021-12-29 01:15:37,837 : INFO : __main__ : The sampled y is: [[ 1.12394296  1.93604989  1.29733012  2.28706531  1.89175775]
 [ 0.21060333  2.01258485  1.76135494  0.28466702 -0.57350169]
 [ 1.13629946  0.96366533  0.4769108   2.74035392 -1.0986966 ]
 [ 1.14205407  0.72839782  1.07481377 -1.16915695  1.66621771]
 [ 0.71462959  1.71224286  1.2584767   0.84272283  0.07834539]]
2021-12-29 01:15:37,838 : INFO : __main__ : The  true probability is: [[0.89281651 0.97596663 0.96937225 0.97384065 0.89536511]
 [0.88703589 0.98905988 0.98613419 0.90553754 0.62336015]
 [0.93961155 0.97372573 0.9613243  0.95529946 0.54223134]
 [0.93294333 0.96002931 0.94226847 0.72828578 0.77183075]
 [0.86159537 0.95412458 0.92387066 0.78999799 0.65206973]]
2021-12-29 01:15:57,429 : INFO : __main__ : The sampled x is: [[1 1 1 1 1]
 [1 1 1 1 1]
 [1 1 1 1 1]
 [1 1 1 1 1]
 [1 1 1 0 1]]
2021-12-29 01:15:57,432 : INFO : __main__ : The sampled y is: [[ 1.12394296  1.93604989  1.29733012  2.28706531  1.89175775]
 [ 0.21060333  2.01258485  1.76135494  0.28466702 -0.57350169]
 [ 1.13629946  0.96366533  0.4769108   2.74035392 -1.0986966 ]
 [ 1.14205407  0.72839782  1.07481377 -1.16915695  1.66621771]
 [ 0.71462959  1.71224286  1.2584767   0.84272283  0.07834539]]
2021-12-29 01:15:57,434 : INFO : __main__ : The  true probability is: [[0.89281651 0.97596663 0.96937225 0.97384065 0.89536511]
 [0.88703589 0.98905988 0.98613419 0.90553754 0.62336015]
 [0.93961155 0.97372573 0.9613243  0.95529946 0.54223134]
 [0.93294333 0.96002931 0.94226847 0.72828578 0.77183075]
 [0.86159537 0.95412458 0.92387066 0.78999799 0.65206973]]
2021-12-29 01:16:07,870 : INFO : __main__ : The sampled x is: [[1 1 1 1 1]
 [1 1 1 1 1]
 [1 1 1 1 1]
 [1 1 1 1 1]
 [1 1 1 0 1]]
2021-12-29 01:16:07,871 : INFO : __main__ : The sampled y is: [[ 1.12394296  1.93604989  1.29733012  2.28706531  1.89175775]
 [ 0.21060333  2.01258485  1.76135494  0.28466702 -0.57350169]
 [ 1.13629946  0.96366533  0.4769108   2.74035392 -1.0986966 ]
 [ 1.14205407  0.72839782  1.07481377 -1.16915695  1.66621771]
 [ 0.71462959  1.71224286  1.2584767   0.84272283  0.07834539]]
2021-12-29 01:16:07,873 : INFO : __main__ : The  true probability is: [[0.89281651 0.97596663 0.96937225 0.97384065 0.89536511]
 [0.88703589 0.98905988 0.98613419 0.90553754 0.62336015]
 [0.93961155 0.97372573 0.9613243  0.95529946 0.54223134]
 [0.93294333 0.96002931 0.94226847 0.72828578 0.77183075]
 [0.86159537 0.95412458 0.92387066 0.78999799 0.65206973]]
2021-12-29 01:16:39,479 : INFO : __main__ : The sampled x is: [[1 1 1 1 1]
 [1 1 1 1 1]
 [1 1 1 1 1]
 [1 1 1 1 1]
 [1 1 1 0 1]]
2021-12-29 01:16:39,481 : INFO : __main__ : The sampled y is: [[ 1.12394296  1.93604989  1.29733012  2.28706531  1.89175775]
 [ 0.21060333  2.01258485  1.76135494  0.28466702 -0.57350169]
 [ 1.13629946  0.96366533  0.4769108   2.74035392 -1.0986966 ]
 [ 1.14205407  0.72839782  1.07481377 -1.16915695  1.66621771]
 [ 0.71462959  1.71224286  1.2584767   0.84272283  0.07834539]]
2021-12-29 01:16:39,482 : INFO : __main__ : The  true probability is: [[0.89281651 0.97596663 0.96937225 0.97384065 0.89536511]
 [0.88703589 0.98905988 0.98613419 0.90553754 0.62336015]
 [0.93961155 0.97372573 0.9613243  0.95529946 0.54223134]
 [0.93294333 0.96002931 0.94226847 0.72828578 0.77183075]
 [0.86159537 0.95412458 0.92387066 0.78999799 0.65206973]]
2021-12-29 01:17:21,328 : INFO : __main__ : The sampled x is: [[1 1 1 1 1]
 [1 1 1 1 1]
 [1 1 1 1 1]
 [1 1 1 1 1]
 [1 1 1 0 1]]
2021-12-29 01:17:21,330 : INFO : __main__ : The sampled y is: [[ 1.12394296  1.93604989  1.29733012  2.28706531  1.89175775]
 [ 0.21060333  2.01258485  1.76135494  0.28466702 -0.57350169]
 [ 1.13629946  0.96366533  0.4769108   2.74035392 -1.0986966 ]
 [ 1.14205407  0.72839782  1.07481377 -1.16915695  1.66621771]
 [ 0.71462959  1.71224286  1.2584767   0.84272283  0.07834539]]
2021-12-29 01:17:21,330 : INFO : __main__ : The  true probability is: [[0.89281651 0.97596663 0.96937225 0.97384065 0.89536511]
 [0.88703589 0.98905988 0.98613419 0.90553754 0.62336015]
 [0.93961155 0.97372573 0.9613243  0.95529946 0.54223134]
 [0.93294333 0.96002931 0.94226847 0.72828578 0.77183075]
 [0.86159537 0.95412458 0.92387066 0.78999799 0.65206973]]
2021-12-29 01:17:37,536 : INFO : __main__ : The sampled x is: [[1 1 1 1 1]
 [1 1 1 1 1]
 [1 1 1 1 1]
 [1 1 1 1 1]
 [1 1 1 0 1]]
2021-12-29 01:17:37,538 : INFO : __main__ : The sampled y is: [[ 1.12394296  1.93604989  1.29733012  2.28706531  1.89175775]
 [ 0.21060333  2.01258485  1.76135494  0.28466702 -0.57350169]
 [ 1.13629946  0.96366533  0.4769108   2.74035392 -1.0986966 ]
 [ 1.14205407  0.72839782  1.07481377 -1.16915695  1.66621771]
 [ 0.71462959  1.71224286  1.2584767   0.84272283  0.07834539]]
2021-12-29 01:17:37,539 : INFO : __main__ : The  true probability is: [[0.89281651 0.97596663 0.96937225 0.97384065 0.89536511]
 [0.88703589 0.98905988 0.98613419 0.90553754 0.62336015]
 [0.93961155 0.97372573 0.9613243  0.95529946 0.54223134]
 [0.93294333 0.96002931 0.94226847 0.72828578 0.77183075]
 [0.86159537 0.95412458 0.92387066 0.78999799 0.65206973]]
2021-12-29 01:19:33,006 : INFO : __main__ : The sampled x is: [[1 1 1 1 1]
 [1 1 1 1 1]
 [1 1 1 1 1]
 [1 1 1 1 1]
 [1 1 1 0 1]]
2021-12-29 01:19:33,008 : INFO : __main__ : The sampled y is: [[ 1.12394296  1.93604989  1.29733012  2.28706531  1.89175775]
 [ 0.21060333  2.01258485  1.76135494  0.28466702 -0.57350169]
 [ 1.13629946  0.96366533  0.4769108   2.74035392 -1.0986966 ]
 [ 1.14205407  0.72839782  1.07481377 -1.16915695  1.66621771]
 [ 0.71462959  1.71224286  1.2584767   0.84272283  0.07834539]]
2021-12-29 01:19:33,010 : INFO : __main__ : The  true probability is: [[0.89281651 0.97596663 0.96937225 0.97384065 0.89536511]
 [0.88703589 0.98905988 0.98613419 0.90553754 0.62336015]
 [0.93961155 0.97372573 0.9613243  0.95529946 0.54223134]
 [0.93294333 0.96002931 0.94226847 0.72828578 0.77183075]
 [0.86159537 0.95412458 0.92387066 0.78999799 0.65206973]]
2021-12-29 01:21:44,959 : INFO : __main__ : The sampled x is: [[1 1 1 1 1]
 [1 1 1 1 1]
 [1 1 1 1 1]
 [1 1 1 1 1]
 [1 1 1 0 1]]
2021-12-29 01:21:44,961 : INFO : __main__ : The sampled y is: [[ 1.12394296  1.93604989  1.29733012  2.28706531  1.89175775]
 [ 0.21060333  2.01258485  1.76135494  0.28466702 -0.57350169]
 [ 1.13629946  0.96366533  0.4769108   2.74035392 -1.0986966 ]
 [ 1.14205407  0.72839782  1.07481377 -1.16915695  1.66621771]
 [ 0.71462959  1.71224286  1.2584767   0.84272283  0.07834539]]
2021-12-29 01:21:44,963 : INFO : __main__ : The  true probability is: [[0.89281651 0.97596663 0.96937225 0.97384065 0.89536511]
 [0.88703589 0.98905988 0.98613419 0.90553754 0.62336015]
 [0.93961155 0.97372573 0.9613243  0.95529946 0.54223134]
 [0.93294333 0.96002931 0.94226847 0.72828578 0.77183075]
 [0.86159537 0.95412458 0.92387066 0.78999799 0.65206973]]
2021-12-29 01:22:17,112 : INFO : __main__ : The sampled x is: [[1 1 1 1 1]
 [1 1 1 1 1]
 [1 1 1 1 1]
 [1 1 1 1 1]
 [1 1 1 0 1]]
2021-12-29 01:22:17,114 : INFO : __main__ : The sampled y is: [[ 1.12394296  1.93604989  1.29733012  2.28706531  1.89175775]
 [ 0.21060333  2.01258485  1.76135494  0.28466702 -0.57350169]
 [ 1.13629946  0.96366533  0.4769108   2.74035392 -1.0986966 ]
 [ 1.14205407  0.72839782  1.07481377 -1.16915695  1.66621771]
 [ 0.71462959  1.71224286  1.2584767   0.84272283  0.07834539]]
2021-12-29 01:22:17,115 : INFO : __main__ : The  true probability is: [[0.89281651 0.97596663 0.96937225 0.97384065 0.89536511]
 [0.88703589 0.98905988 0.98613419 0.90553754 0.62336015]
 [0.93961155 0.97372573 0.9613243  0.95529946 0.54223134]
 [0.93294333 0.96002931 0.94226847 0.72828578 0.77183075]
 [0.86159537 0.95412458 0.92387066 0.78999799 0.65206973]]
2021-12-29 01:22:23,997 : INFO : __main__ : The sampled x is: [[1 1 1 1 1]
 [1 1 1 1 1]
 [1 1 1 1 1]
 [1 1 1 1 1]
 [1 1 1 0 1]]
2021-12-29 01:22:23,999 : INFO : __main__ : The sampled y is: [[ 1.12394296  1.93604989  1.29733012  2.28706531  1.89175775]
 [ 0.21060333  2.01258485  1.76135494  0.28466702 -0.57350169]
 [ 1.13629946  0.96366533  0.4769108   2.74035392 -1.0986966 ]
 [ 1.14205407  0.72839782  1.07481377 -1.16915695  1.66621771]
 [ 0.71462959  1.71224286  1.2584767   0.84272283  0.07834539]]
2021-12-29 01:22:24,000 : INFO : __main__ : The  true probability is: [[0.89281651 0.97596663 0.96937225 0.97384065 0.89536511]
 [0.88703589 0.98905988 0.98613419 0.90553754 0.62336015]
 [0.93961155 0.97372573 0.9613243  0.95529946 0.54223134]
 [0.93294333 0.96002931 0.94226847 0.72828578 0.77183075]
 [0.86159537 0.95412458 0.92387066 0.78999799 0.65206973]]
2021-12-29 01:25:02,079 : INFO : __main__ : The sampled x is: [[1 1 1 1 1]
 [1 1 1 1 1]
 [1 1 1 1 1]
 [1 1 1 1 1]
 [1 1 1 0 1]]
2021-12-29 01:25:02,081 : INFO : __main__ : The sampled y is: [[ 1.12394296  1.93604989  1.29733012  2.28706531  1.89175775]
 [ 0.21060333  2.01258485  1.76135494  0.28466702 -0.57350169]
 [ 1.13629946  0.96366533  0.4769108   2.74035392 -1.0986966 ]
 [ 1.14205407  0.72839782  1.07481377 -1.16915695  1.66621771]
 [ 0.71462959  1.71224286  1.2584767   0.84272283  0.07834539]]
2021-12-29 01:25:02,082 : INFO : __main__ : The  true probability is: [[0.89281651 0.97596663 0.96937225 0.97384065 0.89536511]
 [0.88703589 0.98905988 0.98613419 0.90553754 0.62336015]
 [0.93961155 0.97372573 0.9613243  0.95529946 0.54223134]
 [0.93294333 0.96002931 0.94226847 0.72828578 0.77183075]
 [0.86159537 0.95412458 0.92387066 0.78999799 0.65206973]]
2021-12-29 01:26:42,650 : INFO : __main__ : The sampled x is: [[1 1 1 1 1]
 [1 1 1 1 1]
 [1 1 1 1 1]
 [1 1 1 1 1]
 [1 1 1 0 1]]
2021-12-29 01:26:42,652 : INFO : __main__ : The sampled y is: [[ 1.12394296  1.93604989  1.29733012  2.28706531  1.89175775]
 [ 0.21060333  2.01258485  1.76135494  0.28466702 -0.57350169]
 [ 1.13629946  0.96366533  0.4769108   2.74035392 -1.0986966 ]
 [ 1.14205407  0.72839782  1.07481377 -1.16915695  1.66621771]
 [ 0.71462959  1.71224286  1.2584767   0.84272283  0.07834539]]
2021-12-29 01:26:42,654 : INFO : __main__ : The  true probability is: [[0.89281651 0.97596663 0.96937225 0.97384065 0.89536511]
 [0.88703589 0.98905988 0.98613419 0.90553754 0.62336015]
 [0.93961155 0.97372573 0.9613243  0.95529946 0.54223134]
 [0.93294333 0.96002931 0.94226847 0.72828578 0.77183075]
 [0.86159537 0.95412458 0.92387066 0.78999799 0.65206973]]
2021-12-29 01:35:22,494 : INFO : __main__ : The sampled x is: [[1 1 1 1 1]
 [1 1 1 1 1]
 [1 1 1 1 1]
 [1 1 1 1 1]
 [1 1 1 0 1]]
2021-12-29 01:35:22,496 : INFO : __main__ : The sampled y is: [[ 1.12394296  1.93604989  1.29733012  2.28706531  1.89175775]
 [ 0.21060333  2.01258485  1.76135494  0.28466702 -0.57350169]
 [ 1.13629946  0.96366533  0.4769108   2.74035392 -1.0986966 ]
 [ 1.14205407  0.72839782  1.07481377 -1.16915695  1.66621771]
 [ 0.71462959  1.71224286  1.2584767   0.84272283  0.07834539]]
2021-12-29 01:35:22,498 : INFO : __main__ : The  true probability is: [[0.89281651 0.97596663 0.96937225 0.97384065 0.89536511]
 [0.88703589 0.98905988 0.98613419 0.90553754 0.62336015]
 [0.93961155 0.97372573 0.9613243  0.95529946 0.54223134]
 [0.93294333 0.96002931 0.94226847 0.72828578 0.77183075]
 [0.86159537 0.95412458 0.92387066 0.78999799 0.65206973]]
2021-12-29 01:37:53,155 : INFO : __main__ : The sampled x is: [[1 1 1 1 1]
 [1 1 1 1 1]
 [1 1 1 1 1]
 [1 1 1 1 1]
 [1 1 1 0 1]]
2021-12-29 01:37:53,156 : INFO : __main__ : The sampled y is: [[ 1.12394296  1.93604989  1.29733012  2.28706531  1.89175775]
 [ 0.21060333  2.01258485  1.76135494  0.28466702 -0.57350169]
 [ 1.13629946  0.96366533  0.4769108   2.74035392 -1.0986966 ]
 [ 1.14205407  0.72839782  1.07481377 -1.16915695  1.66621771]
 [ 0.71462959  1.71224286  1.2584767   0.84272283  0.07834539]]
2021-12-29 01:37:53,156 : INFO : __main__ : The  true probability is: [[0.89281651 0.97596663 0.96937225 0.97384065 0.89536511]
 [0.88703589 0.98905988 0.98613419 0.90553754 0.62336015]
 [0.93961155 0.97372573 0.9613243  0.95529946 0.54223134]
 [0.93294333 0.96002931 0.94226847 0.72828578 0.77183075]
 [0.86159537 0.95412458 0.92387066 0.78999799 0.65206973]]
2021-12-29 01:38:07,445 : INFO : __main__ : The sampled x is: [[1 1 1 1 1]
 [1 1 1 1 1]
 [1 1 1 1 1]
 [1 1 1 1 1]
 [1 1 1 0 1]]
2021-12-29 01:38:07,446 : INFO : __main__ : The sampled y is: [[ 1.12394296  1.93604989  1.29733012  2.28706531  1.89175775]
 [ 0.21060333  2.01258485  1.76135494  0.28466702 -0.57350169]
 [ 1.13629946  0.96366533  0.4769108   2.74035392 -1.0986966 ]
 [ 1.14205407  0.72839782  1.07481377 -1.16915695  1.66621771]
 [ 0.71462959  1.71224286  1.2584767   0.84272283  0.07834539]]
2021-12-29 01:38:07,446 : INFO : __main__ : The  true probability is: [[0.89281651 0.97596663 0.96937225 0.97384065 0.89536511]
 [0.88703589 0.98905988 0.98613419 0.90553754 0.62336015]
 [0.93961155 0.97372573 0.9613243  0.95529946 0.54223134]
 [0.93294333 0.96002931 0.94226847 0.72828578 0.77183075]
 [0.86159537 0.95412458 0.92387066 0.78999799 0.65206973]]
2021-12-29 01:38:14,842 : INFO : __main__ : The sampled x is: [[1 1 1 1 1]
 [1 1 1 1 1]
 [1 1 1 1 1]
 [1 1 1 1 1]
 [1 1 1 0 1]]
2021-12-29 01:38:14,844 : INFO : __main__ : The sampled y is: [[ 1.12394296  1.93604989  1.29733012  2.28706531  1.89175775]
 [ 0.21060333  2.01258485  1.76135494  0.28466702 -0.57350169]
 [ 1.13629946  0.96366533  0.4769108   2.74035392 -1.0986966 ]
 [ 1.14205407  0.72839782  1.07481377 -1.16915695  1.66621771]
 [ 0.71462959  1.71224286  1.2584767   0.84272283  0.07834539]]
2021-12-29 01:38:14,845 : INFO : __main__ : The  true probability is: [[0.89281651 0.97596663 0.96937225 0.97384065 0.89536511]
 [0.88703589 0.98905988 0.98613419 0.90553754 0.62336015]
 [0.93961155 0.97372573 0.9613243  0.95529946 0.54223134]
 [0.93294333 0.96002931 0.94226847 0.72828578 0.77183075]
 [0.86159537 0.95412458 0.92387066 0.78999799 0.65206973]]
2021-12-29 01:39:15,807 : INFO : __main__ : The sampled x is: [[1 1 1 1 1]
 [1 1 1 1 1]
 [1 1 1 1 1]
 [1 1 1 1 1]
 [1 1 1 0 1]]
2021-12-29 01:39:15,809 : INFO : __main__ : The sampled y is: [[ 1.12394296  1.93604989  1.29733012  2.28706531  1.89175775]
 [ 0.21060333  2.01258485  1.76135494  0.28466702 -0.57350169]
 [ 1.13629946  0.96366533  0.4769108   2.74035392 -1.0986966 ]
 [ 1.14205407  0.72839782  1.07481377 -1.16915695  1.66621771]
 [ 0.71462959  1.71224286  1.2584767   0.84272283  0.07834539]]
2021-12-29 01:39:15,811 : INFO : __main__ : The  true probability is: [[0.89281651 0.97596663 0.96937225 0.97384065 0.89536511]
 [0.88703589 0.98905988 0.98613419 0.90553754 0.62336015]
 [0.93961155 0.97372573 0.9613243  0.95529946 0.54223134]
 [0.93294333 0.96002931 0.94226847 0.72828578 0.77183075]
 [0.86159537 0.95412458 0.92387066 0.78999799 0.65206973]]
2021-12-29 01:41:59,599 : INFO : __main__ : The sampled x is: [[1 1 1 1 1]
 [1 1 1 1 1]
 [1 1 1 1 1]
 [1 1 1 1 1]
 [1 1 1 0 1]]
2021-12-29 01:41:59,601 : INFO : __main__ : The sampled y is: [[ 1.12394296  1.93604989  1.29733012  2.28706531  1.89175775]
 [ 0.21060333  2.01258485  1.76135494  0.28466702 -0.57350169]
 [ 1.13629946  0.96366533  0.4769108   2.74035392 -1.0986966 ]
 [ 1.14205407  0.72839782  1.07481377 -1.16915695  1.66621771]
 [ 0.71462959  1.71224286  1.2584767   0.84272283  0.07834539]]
2021-12-29 01:41:59,603 : INFO : __main__ : The  true probability is: [[0.89281651 0.97596663 0.96937225 0.97384065 0.89536511]
 [0.88703589 0.98905988 0.98613419 0.90553754 0.62336015]
 [0.93961155 0.97372573 0.9613243  0.95529946 0.54223134]
 [0.93294333 0.96002931 0.94226847 0.72828578 0.77183075]
 [0.86159537 0.95412458 0.92387066 0.78999799 0.65206973]]
2021-12-29 01:42:19,867 : INFO : __main__ : The sampled x is: [[1 1 1 1 1]
 [1 1 1 1 1]
 [1 1 1 1 1]
 [1 1 1 1 1]
 [1 1 1 0 1]]
2021-12-29 01:42:19,869 : INFO : __main__ : The sampled y is: [[ 1.12394296  1.93604989  1.29733012  2.28706531  1.89175775]
 [ 0.21060333  2.01258485  1.76135494  0.28466702 -0.57350169]
 [ 1.13629946  0.96366533  0.4769108   2.74035392 -1.0986966 ]
 [ 1.14205407  0.72839782  1.07481377 -1.16915695  1.66621771]
 [ 0.71462959  1.71224286  1.2584767   0.84272283  0.07834539]]
2021-12-29 01:42:19,871 : INFO : __main__ : The  true probability is: [[0.89281651 0.97596663 0.96937225 0.97384065 0.89536511]
 [0.88703589 0.98905988 0.98613419 0.90553754 0.62336015]
 [0.93961155 0.97372573 0.9613243  0.95529946 0.54223134]
 [0.93294333 0.96002931 0.94226847 0.72828578 0.77183075]
 [0.86159537 0.95412458 0.92387066 0.78999799 0.65206973]]
2021-12-29 01:45:54,906 : INFO : __main__ : The sampled x is: [[1 1 1 1 1]
 [1 1 1 1 1]
 [1 1 1 1 1]
 [1 1 1 1 1]
 [1 1 1 0 1]]
2021-12-29 01:45:54,910 : INFO : __main__ : The sampled y is: [[ 1.12394296  1.93604989  1.29733012  2.28706531  1.89175775]
 [ 0.21060333  2.01258485  1.76135494  0.28466702 -0.57350169]
 [ 1.13629946  0.96366533  0.4769108   2.74035392 -1.0986966 ]
 [ 1.14205407  0.72839782  1.07481377 -1.16915695  1.66621771]
 [ 0.71462959  1.71224286  1.2584767   0.84272283  0.07834539]]
2021-12-29 01:45:54,912 : INFO : __main__ : The  true probability is: [[0.89281651 0.97596663 0.96937225 0.97384065 0.89536511]
 [0.88703589 0.98905988 0.98613419 0.90553754 0.62336015]
 [0.93961155 0.97372573 0.9613243  0.95529946 0.54223134]
 [0.93294333 0.96002931 0.94226847 0.72828578 0.77183075]
 [0.86159537 0.95412458 0.92387066 0.78999799 0.65206973]]
2021-12-29 01:48:34,256 : INFO : __main__ : The sampled x is: [[1 1 1 1 1]
 [1 1 1 1 1]
 [1 1 1 1 1]
 [1 1 1 1 1]
 [1 1 1 0 1]]
2021-12-29 01:48:34,258 : INFO : __main__ : The sampled y is: [[ 1.12394296  1.93604989  1.29733012  2.28706531  1.89175775]
 [ 0.21060333  2.01258485  1.76135494  0.28466702 -0.57350169]
 [ 1.13629946  0.96366533  0.4769108   2.74035392 -1.0986966 ]
 [ 1.14205407  0.72839782  1.07481377 -1.16915695  1.66621771]
 [ 0.71462959  1.71224286  1.2584767   0.84272283  0.07834539]]
2021-12-29 01:48:34,259 : INFO : __main__ : The  true probability is: [[0.89281651 0.97596663 0.96937225 0.97384065 0.89536511]
 [0.88703589 0.98905988 0.98613419 0.90553754 0.62336015]
 [0.93961155 0.97372573 0.9613243  0.95529946 0.54223134]
 [0.93294333 0.96002931 0.94226847 0.72828578 0.77183075]
 [0.86159537 0.95412458 0.92387066 0.78999799 0.65206973]]
2021-12-29 01:49:00,648 : INFO : __main__ : The sampled x is: [[1 1 1 1 1]
 [1 1 1 1 1]
 [1 1 1 1 1]
 [1 1 1 1 1]
 [1 1 1 0 1]]
2021-12-29 01:49:00,650 : INFO : __main__ : The sampled y is: [[ 1.12394296  1.93604989  1.29733012  2.28706531  1.89175775]
 [ 0.21060333  2.01258485  1.76135494  0.28466702 -0.57350169]
 [ 1.13629946  0.96366533  0.4769108   2.74035392 -1.0986966 ]
 [ 1.14205407  0.72839782  1.07481377 -1.16915695  1.66621771]
 [ 0.71462959  1.71224286  1.2584767   0.84272283  0.07834539]]
2021-12-29 01:49:00,651 : INFO : __main__ : The  true probability is: [[0.89281651 0.97596663 0.96937225 0.97384065 0.89536511]
 [0.88703589 0.98905988 0.98613419 0.90553754 0.62336015]
 [0.93961155 0.97372573 0.9613243  0.95529946 0.54223134]
 [0.93294333 0.96002931 0.94226847 0.72828578 0.77183075]
 [0.86159537 0.95412458 0.92387066 0.78999799 0.65206973]]
2021-12-29 01:50:00,804 : INFO : __main__ : The sampled x is: [[1 1 1 1 1]
 [1 1 1 1 1]
 [1 1 1 1 1]
 [1 1 1 1 1]
 [1 1 1 0 1]]
2021-12-29 01:50:00,805 : INFO : __main__ : The sampled y is: [[ 1.12394296  1.93604989  1.29733012  2.28706531  1.89175775]
 [ 0.21060333  2.01258485  1.76135494  0.28466702 -0.57350169]
 [ 1.13629946  0.96366533  0.4769108   2.74035392 -1.0986966 ]
 [ 1.14205407  0.72839782  1.07481377 -1.16915695  1.66621771]
 [ 0.71462959  1.71224286  1.2584767   0.84272283  0.07834539]]
2021-12-29 01:50:00,806 : INFO : __main__ : The  true probability is: [[0.89281651 0.97596663 0.96937225 0.97384065 0.89536511]
 [0.88703589 0.98905988 0.98613419 0.90553754 0.62336015]
 [0.93961155 0.97372573 0.9613243  0.95529946 0.54223134]
 [0.93294333 0.96002931 0.94226847 0.72828578 0.77183075]
 [0.86159537 0.95412458 0.92387066 0.78999799 0.65206973]]
2021-12-29 01:50:18,464 : INFO : __main__ : The sampled x is: [[1 1 1 1 1]
 [1 1 1 1 1]
 [1 1 1 1 1]
 [1 1 1 1 1]
 [1 1 1 0 1]]
2021-12-29 01:50:18,468 : INFO : __main__ : The sampled y is: [[ 1.12394296  1.93604989  1.29733012  2.28706531  1.89175775]
 [ 0.21060333  2.01258485  1.76135494  0.28466702 -0.57350169]
 [ 1.13629946  0.96366533  0.4769108   2.74035392 -1.0986966 ]
 [ 1.14205407  0.72839782  1.07481377 -1.16915695  1.66621771]
 [ 0.71462959  1.71224286  1.2584767   0.84272283  0.07834539]]
2021-12-29 01:50:18,470 : INFO : __main__ : The  true probability is: [[0.89281651 0.97596663 0.96937225 0.97384065 0.89536511]
 [0.88703589 0.98905988 0.98613419 0.90553754 0.62336015]
 [0.93961155 0.97372573 0.9613243  0.95529946 0.54223134]
 [0.93294333 0.96002931 0.94226847 0.72828578 0.77183075]
 [0.86159537 0.95412458 0.92387066 0.78999799 0.65206973]]
2021-12-29 01:52:05,182 : INFO : __main__ : The sampled x is: [[1 1 1 1 1]
 [1 1 1 1 1]
 [1 1 1 1 1]
 [1 1 1 1 1]
 [1 1 1 0 1]]
2021-12-29 01:52:05,184 : INFO : __main__ : The sampled y is: [[ 1.12394296  1.93604989  1.29733012  2.28706531  1.89175775]
 [ 0.21060333  2.01258485  1.76135494  0.28466702 -0.57350169]
 [ 1.13629946  0.96366533  0.4769108   2.74035392 -1.0986966 ]
 [ 1.14205407  0.72839782  1.07481377 -1.16915695  1.66621771]
 [ 0.71462959  1.71224286  1.2584767   0.84272283  0.07834539]]
2021-12-29 01:52:05,186 : INFO : __main__ : The  true probability is: [[0.89281651 0.97596663 0.96937225 0.97384065 0.89536511]
 [0.88703589 0.98905988 0.98613419 0.90553754 0.62336015]
 [0.93961155 0.97372573 0.9613243  0.95529946 0.54223134]
 [0.93294333 0.96002931 0.94226847 0.72828578 0.77183075]
 [0.86159537 0.95412458 0.92387066 0.78999799 0.65206973]]
2021-12-29 01:56:28,932 : INFO : __main__ : The sampled x is: [[1 1 1 1 1]
 [1 1 1 1 1]
 [1 1 1 1 1]
 [1 1 1 1 1]
 [1 1 1 0 1]]
2021-12-29 01:56:28,935 : INFO : __main__ : The sampled y is: [[ 1.12394296  1.93604989  1.29733012  2.28706531  1.89175775]
 [ 0.21060333  2.01258485  1.76135494  0.28466702 -0.57350169]
 [ 1.13629946  0.96366533  0.4769108   2.74035392 -1.0986966 ]
 [ 1.14205407  0.72839782  1.07481377 -1.16915695  1.66621771]
 [ 0.71462959  1.71224286  1.2584767   0.84272283  0.07834539]]
2021-12-29 01:56:28,937 : INFO : __main__ : The  true probability is: [[0.89281651 0.97596663 0.96937225 0.97384065 0.89536511]
 [0.88703589 0.98905988 0.98613419 0.90553754 0.62336015]
 [0.93961155 0.97372573 0.9613243  0.95529946 0.54223134]
 [0.93294333 0.96002931 0.94226847 0.72828578 0.77183075]
 [0.86159537 0.95412458 0.92387066 0.78999799 0.65206973]]
2021-12-29 01:59:13,819 : INFO : __main__ : The sampled x is: [[1 1 1 1 1]
 [1 1 1 1 1]
 [1 1 1 1 1]
 [1 1 1 1 1]
 [1 1 1 0 1]]
2021-12-29 01:59:13,822 : INFO : __main__ : The sampled y is: [[ 1.12394296  1.93604989  1.29733012  2.28706531  1.89175775]
 [ 0.21060333  2.01258485  1.76135494  0.28466702 -0.57350169]
 [ 1.13629946  0.96366533  0.4769108   2.74035392 -1.0986966 ]
 [ 1.14205407  0.72839782  1.07481377 -1.16915695  1.66621771]
 [ 0.71462959  1.71224286  1.2584767   0.84272283  0.07834539]]
2021-12-29 01:59:13,823 : INFO : __main__ : The  true probability is: [[0.89281651 0.97596663 0.96937225 0.97384065 0.89536511]
 [0.88703589 0.98905988 0.98613419 0.90553754 0.62336015]
 [0.93961155 0.97372573 0.9613243  0.95529946 0.54223134]
 [0.93294333 0.96002931 0.94226847 0.72828578 0.77183075]
 [0.86159537 0.95412458 0.92387066 0.78999799 0.65206973]]
2021-12-29 02:00:21,615 : INFO : __main__ : The sampled x is: [[1 1 1 1 1]
 [1 1 1 1 1]
 [1 1 1 1 1]
 [1 1 1 1 1]
 [1 1 1 0 1]]
2021-12-29 02:00:21,616 : INFO : __main__ : The sampled y is: [[ 1.12394296  1.93604989  1.29733012  2.28706531  1.89175775]
 [ 0.21060333  2.01258485  1.76135494  0.28466702 -0.57350169]
 [ 1.13629946  0.96366533  0.4769108   2.74035392 -1.0986966 ]
 [ 1.14205407  0.72839782  1.07481377 -1.16915695  1.66621771]
 [ 0.71462959  1.71224286  1.2584767   0.84272283  0.07834539]]
2021-12-29 02:00:21,616 : INFO : __main__ : The  true probability is: [[0.89281651 0.97596663 0.96937225 0.97384065 0.89536511]
 [0.88703589 0.98905988 0.98613419 0.90553754 0.62336015]
 [0.93961155 0.97372573 0.9613243  0.95529946 0.54223134]
 [0.93294333 0.96002931 0.94226847 0.72828578 0.77183075]
 [0.86159537 0.95412458 0.92387066 0.78999799 0.65206973]]
2021-12-29 02:00:30,128 : INFO : __main__ : The sampled x is: [[1 1 1 1 1]
 [1 1 1 1 1]
 [1 1 1 1 1]
 [1 1 1 1 1]
 [1 1 1 0 1]]
2021-12-29 02:00:30,130 : INFO : __main__ : The sampled y is: [[ 1.12394296  1.93604989  1.29733012  2.28706531  1.89175775]
 [ 0.21060333  2.01258485  1.76135494  0.28466702 -0.57350169]
 [ 1.13629946  0.96366533  0.4769108   2.74035392 -1.0986966 ]
 [ 1.14205407  0.72839782  1.07481377 -1.16915695  1.66621771]
 [ 0.71462959  1.71224286  1.2584767   0.84272283  0.07834539]]
2021-12-29 02:00:30,131 : INFO : __main__ : The  true probability is: [[0.89281651 0.97596663 0.96937225 0.97384065 0.89536511]
 [0.88703589 0.98905988 0.98613419 0.90553754 0.62336015]
 [0.93961155 0.97372573 0.9613243  0.95529946 0.54223134]
 [0.93294333 0.96002931 0.94226847 0.72828578 0.77183075]
 [0.86159537 0.95412458 0.92387066 0.78999799 0.65206973]]
2021-12-29 02:03:50,533 : INFO : __main__ : The sampled x is: [[1 1 1 1 1]
 [1 1 1 1 1]
 [1 1 1 1 1]
 [1 1 1 1 1]
 [1 1 1 0 1]]
2021-12-29 02:03:50,535 : INFO : __main__ : The sampled y is: [[ 1.12394296  1.93604989  1.29733012  2.28706531  1.89175775]
 [ 0.21060333  2.01258485  1.76135494  0.28466702 -0.57350169]
 [ 1.13629946  0.96366533  0.4769108   2.74035392 -1.0986966 ]
 [ 1.14205407  0.72839782  1.07481377 -1.16915695  1.66621771]
 [ 0.71462959  1.71224286  1.2584767   0.84272283  0.07834539]]
2021-12-29 02:03:50,536 : INFO : __main__ : The  true probability is: [[0.89281651 0.97596663 0.96937225 0.97384065 0.89536511]
 [0.88703589 0.98905988 0.98613419 0.90553754 0.62336015]
 [0.93961155 0.97372573 0.9613243  0.95529946 0.54223134]
 [0.93294333 0.96002931 0.94226847 0.72828578 0.77183075]
 [0.86159537 0.95412458 0.92387066 0.78999799 0.65206973]]
2021-12-29 02:04:11,716 : INFO : __main__ : The sampled x is: [[1 1 1 1 1]
 [1 1 1 1 1]
 [1 1 1 1 1]
 [1 1 1 1 1]
 [1 1 1 0 1]]
2021-12-29 02:04:11,719 : INFO : __main__ : The sampled y is: [[ 1.12394296  1.93604989  1.29733012  2.28706531  1.89175775]
 [ 0.21060333  2.01258485  1.76135494  0.28466702 -0.57350169]
 [ 1.13629946  0.96366533  0.4769108   2.74035392 -1.0986966 ]
 [ 1.14205407  0.72839782  1.07481377 -1.16915695  1.66621771]
 [ 0.71462959  1.71224286  1.2584767   0.84272283  0.07834539]]
2021-12-29 02:04:11,720 : INFO : __main__ : The  true probability is: [[0.89281651 0.97596663 0.96937225 0.97384065 0.89536511]
 [0.88703589 0.98905988 0.98613419 0.90553754 0.62336015]
 [0.93961155 0.97372573 0.9613243  0.95529946 0.54223134]
 [0.93294333 0.96002931 0.94226847 0.72828578 0.77183075]
 [0.86159537 0.95412458 0.92387066 0.78999799 0.65206973]]
2021-12-29 02:05:07,844 : INFO : __main__ : The sampled x is: [[1 1 1 1 1]
 [1 1 1 1 1]
 [1 1 1 1 1]
 [1 1 1 1 1]
 [1 1 1 0 1]]
2021-12-29 02:05:07,845 : INFO : __main__ : The sampled y is: [[ 1.12394296  1.93604989  1.29733012  2.28706531  1.89175775]
 [ 0.21060333  2.01258485  1.76135494  0.28466702 -0.57350169]
 [ 1.13629946  0.96366533  0.4769108   2.74035392 -1.0986966 ]
 [ 1.14205407  0.72839782  1.07481377 -1.16915695  1.66621771]
 [ 0.71462959  1.71224286  1.2584767   0.84272283  0.07834539]]
2021-12-29 02:05:07,847 : INFO : __main__ : The  true probability is: [[0.89281651 0.97596663 0.96937225 0.97384065 0.89536511]
 [0.88703589 0.98905988 0.98613419 0.90553754 0.62336015]
 [0.93961155 0.97372573 0.9613243  0.95529946 0.54223134]
 [0.93294333 0.96002931 0.94226847 0.72828578 0.77183075]
 [0.86159537 0.95412458 0.92387066 0.78999799 0.65206973]]
2021-12-29 02:08:13,026 : INFO : __main__ : The sampled x is: [[1 1 1 1 1]
 [1 1 1 1 1]
 [1 1 1 1 1]
 [1 1 1 1 1]
 [1 1 1 0 1]]
2021-12-29 02:08:13,027 : INFO : __main__ : The sampled y is: [[ 1.12394296  1.93604989  1.29733012  2.28706531  1.89175775]
 [ 0.21060333  2.01258485  1.76135494  0.28466702 -0.57350169]
 [ 1.13629946  0.96366533  0.4769108   2.74035392 -1.0986966 ]
 [ 1.14205407  0.72839782  1.07481377 -1.16915695  1.66621771]
 [ 0.71462959  1.71224286  1.2584767   0.84272283  0.07834539]]
2021-12-29 02:08:13,028 : INFO : __main__ : The  true probability is: [[0.89281651 0.97596663 0.96937225 0.97384065 0.89536511]
 [0.88703589 0.98905988 0.98613419 0.90553754 0.62336015]
 [0.93961155 0.97372573 0.9613243  0.95529946 0.54223134]
 [0.93294333 0.96002931 0.94226847 0.72828578 0.77183075]
 [0.86159537 0.95412458 0.92387066 0.78999799 0.65206973]]
2021-12-29 02:08:20,935 : INFO : __main__ : The sampled x is: [[1 1 1 1 1]
 [1 1 1 1 1]
 [1 1 1 1 1]
 [1 1 1 1 1]
 [1 1 1 0 1]]
2021-12-29 02:08:20,939 : INFO : __main__ : The sampled y is: [[ 1.12394296  1.93604989  1.29733012  2.28706531  1.89175775]
 [ 0.21060333  2.01258485  1.76135494  0.28466702 -0.57350169]
 [ 1.13629946  0.96366533  0.4769108   2.74035392 -1.0986966 ]
 [ 1.14205407  0.72839782  1.07481377 -1.16915695  1.66621771]
 [ 0.71462959  1.71224286  1.2584767   0.84272283  0.07834539]]
2021-12-29 02:08:20,941 : INFO : __main__ : The  true probability is: [[0.89281651 0.97596663 0.96937225 0.97384065 0.89536511]
 [0.88703589 0.98905988 0.98613419 0.90553754 0.62336015]
 [0.93961155 0.97372573 0.9613243  0.95529946 0.54223134]
 [0.93294333 0.96002931 0.94226847 0.72828578 0.77183075]
 [0.86159537 0.95412458 0.92387066 0.78999799 0.65206973]]
2021-12-29 02:09:33,717 : INFO : __main__ : The sampled x is: [[1 1 1 1 1]
 [1 1 1 1 1]
 [1 1 1 1 1]
 [1 1 1 1 1]
 [1 1 1 0 1]]
2021-12-29 02:09:33,719 : INFO : __main__ : The sampled y is: [[ 1.12394296  1.93604989  1.29733012  2.28706531  1.89175775]
 [ 0.21060333  2.01258485  1.76135494  0.28466702 -0.57350169]
 [ 1.13629946  0.96366533  0.4769108   2.74035392 -1.0986966 ]
 [ 1.14205407  0.72839782  1.07481377 -1.16915695  1.66621771]
 [ 0.71462959  1.71224286  1.2584767   0.84272283  0.07834539]]
2021-12-29 02:09:33,720 : INFO : __main__ : The  true probability is: [[0.89281651 0.97596663 0.96937225 0.97384065 0.89536511]
 [0.88703589 0.98905988 0.98613419 0.90553754 0.62336015]
 [0.93961155 0.97372573 0.9613243  0.95529946 0.54223134]
 [0.93294333 0.96002931 0.94226847 0.72828578 0.77183075]
 [0.86159537 0.95412458 0.92387066 0.78999799 0.65206973]]
2021-12-29 02:12:44,822 : INFO : __main__ : The sampled x is: [[1 1 1 1 1]
 [1 1 1 1 1]
 [1 1 1 1 1]
 [1 1 1 1 1]
 [1 1 1 0 1]]
2021-12-29 02:12:44,823 : INFO : __main__ : The sampled y is: [[ 1.12394296  1.93604989  1.29733012  2.28706531  1.89175775]
 [ 0.21060333  2.01258485  1.76135494  0.28466702 -0.57350169]
 [ 1.13629946  0.96366533  0.4769108   2.74035392 -1.0986966 ]
 [ 1.14205407  0.72839782  1.07481377 -1.16915695  1.66621771]
 [ 0.71462959  1.71224286  1.2584767   0.84272283  0.07834539]]
2021-12-29 02:12:44,824 : INFO : __main__ : The  true probability is: [[0.89281651 0.97596663 0.96937225 0.97384065 0.89536511]
 [0.88703589 0.98905988 0.98613419 0.90553754 0.62336015]
 [0.93961155 0.97372573 0.9613243  0.95529946 0.54223134]
 [0.93294333 0.96002931 0.94226847 0.72828578 0.77183075]
 [0.86159537 0.95412458 0.92387066 0.78999799 0.65206973]]
2021-12-29 02:14:26,550 : INFO : __main__ : The sampled x is: [[1 1 1 1 1]
 [1 1 1 1 1]
 [1 1 1 1 1]
 [1 1 1 1 1]
 [1 1 1 0 1]]
2021-12-29 02:14:26,553 : INFO : __main__ : The sampled y is: [[ 1.12394296  1.93604989  1.29733012  2.28706531  1.89175775]
 [ 0.21060333  2.01258485  1.76135494  0.28466702 -0.57350169]
 [ 1.13629946  0.96366533  0.4769108   2.74035392 -1.0986966 ]
 [ 1.14205407  0.72839782  1.07481377 -1.16915695  1.66621771]
 [ 0.71462959  1.71224286  1.2584767   0.84272283  0.07834539]]
2021-12-29 02:14:26,554 : INFO : __main__ : The  true probability is: [[0.89281651 0.97596663 0.96937225 0.97384065 0.89536511]
 [0.88703589 0.98905988 0.98613419 0.90553754 0.62336015]
 [0.93961155 0.97372573 0.9613243  0.95529946 0.54223134]
 [0.93294333 0.96002931 0.94226847 0.72828578 0.77183075]
 [0.86159537 0.95412458 0.92387066 0.78999799 0.65206973]]
2021-12-29 02:17:55,404 : INFO : __main__ : The sampled x is: [[1 1 1 1 1]
 [1 1 1 1 1]
 [1 1 1 1 1]
 [1 1 1 1 1]
 [1 1 1 0 1]]
2021-12-29 02:17:55,407 : INFO : __main__ : The sampled y is: [[ 1.12394296  1.93604989  1.29733012  2.28706531  1.89175775]
 [ 0.21060333  2.01258485  1.76135494  0.28466702 -0.57350169]
 [ 1.13629946  0.96366533  0.4769108   2.74035392 -1.0986966 ]
 [ 1.14205407  0.72839782  1.07481377 -1.16915695  1.66621771]
 [ 0.71462959  1.71224286  1.2584767   0.84272283  0.07834539]]
2021-12-29 02:17:55,409 : INFO : __main__ : The  true probability is: [[0.89281651 0.97596663 0.96937225 0.97384065 0.89536511]
 [0.88703589 0.98905988 0.98613419 0.90553754 0.62336015]
 [0.93961155 0.97372573 0.9613243  0.95529946 0.54223134]
 [0.93294333 0.96002931 0.94226847 0.72828578 0.77183075]
 [0.86159537 0.95412458 0.92387066 0.78999799 0.65206973]]
2021-12-29 02:27:41,375 : INFO : __main__ : The sampled x is: [[1 1 1 1 1]
 [1 1 1 1 1]
 [1 1 1 1 1]
 [1 1 1 1 1]
 [1 1 1 0 1]]
2021-12-29 02:27:41,376 : INFO : __main__ : The sampled y is: [[ 1.12394296  1.93604989  1.29733012  2.28706531  1.89175775]
 [ 0.21060333  2.01258485  1.76135494  0.28466702 -0.57350169]
 [ 1.13629946  0.96366533  0.4769108   2.74035392 -1.0986966 ]
 [ 1.14205407  0.72839782  1.07481377 -1.16915695  1.66621771]
 [ 0.71462959  1.71224286  1.2584767   0.84272283  0.07834539]]
2021-12-29 02:27:41,377 : INFO : __main__ : The  true probability is: [[0.89281651 0.97596663 0.96937225 0.97384065 0.89536511]
 [0.88703589 0.98905988 0.98613419 0.90553754 0.62336015]
 [0.93961155 0.97372573 0.9613243  0.95529946 0.54223134]
 [0.93294333 0.96002931 0.94226847 0.72828578 0.77183075]
 [0.86159537 0.95412458 0.92387066 0.78999799 0.65206973]]
2021-12-29 02:27:49,836 : INFO : __main__ : The sampled x is: [[1 1 1 1 1]
 [1 1 1 1 1]
 [1 1 1 1 1]
 [1 1 1 1 1]
 [1 1 1 0 1]]
2021-12-29 02:27:49,840 : INFO : __main__ : The sampled y is: [[ 1.12394296  1.93604989  1.29733012  2.28706531  1.89175775]
 [ 0.21060333  2.01258485  1.76135494  0.28466702 -0.57350169]
 [ 1.13629946  0.96366533  0.4769108   2.74035392 -1.0986966 ]
 [ 1.14205407  0.72839782  1.07481377 -1.16915695  1.66621771]
 [ 0.71462959  1.71224286  1.2584767   0.84272283  0.07834539]]
2021-12-29 02:27:49,843 : INFO : __main__ : The  true probability is: [[0.89281651 0.97596663 0.96937225 0.97384065 0.89536511]
 [0.88703589 0.98905988 0.98613419 0.90553754 0.62336015]
 [0.93961155 0.97372573 0.9613243  0.95529946 0.54223134]
 [0.93294333 0.96002931 0.94226847 0.72828578 0.77183075]
 [0.86159537 0.95412458 0.92387066 0.78999799 0.65206973]]
2021-12-29 02:29:41,631 : INFO : __main__ : The sampled x is: [[1 1 1 1 1]
 [1 1 1 1 1]
 [1 1 1 1 1]
 [1 1 1 1 1]
 [1 1 1 0 1]]
2021-12-29 02:29:41,633 : INFO : __main__ : The sampled y is: [[ 1.12394296  1.93604989  1.29733012  2.28706531  1.89175775]
 [ 0.21060333  2.01258485  1.76135494  0.28466702 -0.57350169]
 [ 1.13629946  0.96366533  0.4769108   2.74035392 -1.0986966 ]
 [ 1.14205407  0.72839782  1.07481377 -1.16915695  1.66621771]
 [ 0.71462959  1.71224286  1.2584767   0.84272283  0.07834539]]
2021-12-29 02:29:41,634 : INFO : __main__ : The  true probability is: [[0.89281651 0.97596663 0.96937225 0.97384065 0.89536511]
 [0.88703589 0.98905988 0.98613419 0.90553754 0.62336015]
 [0.93961155 0.97372573 0.9613243  0.95529946 0.54223134]
 [0.93294333 0.96002931 0.94226847 0.72828578 0.77183075]
 [0.86159537 0.95412458 0.92387066 0.78999799 0.65206973]]
2021-12-29 02:30:54,296 : INFO : __main__ : The sampled x is: [[1 1 1 1 1]
 [1 1 1 1 1]
 [1 1 1 1 1]
 [1 1 1 1 1]
 [1 1 1 0 1]]
2021-12-29 02:30:54,297 : INFO : __main__ : The sampled y is: [[ 1.12394296  1.93604989  1.29733012  2.28706531  1.89175775]
 [ 0.21060333  2.01258485  1.76135494  0.28466702 -0.57350169]
 [ 1.13629946  0.96366533  0.4769108   2.74035392 -1.0986966 ]
 [ 1.14205407  0.72839782  1.07481377 -1.16915695  1.66621771]
 [ 0.71462959  1.71224286  1.2584767   0.84272283  0.07834539]]
2021-12-29 02:30:54,298 : INFO : __main__ : The  true probability is: [[0.89281651 0.97596663 0.96937225 0.97384065 0.89536511]
 [0.88703589 0.98905988 0.98613419 0.90553754 0.62336015]
 [0.93961155 0.97372573 0.9613243  0.95529946 0.54223134]
 [0.93294333 0.96002931 0.94226847 0.72828578 0.77183075]
 [0.86159537 0.95412458 0.92387066 0.78999799 0.65206973]]
2021-12-29 02:31:00,457 : INFO : __main__ : The sampled x is: [[1 1 1 1 1]
 [1 1 1 1 1]
 [1 1 1 1 1]
 [1 1 1 1 1]
 [1 1 1 0 1]]
2021-12-29 02:31:00,460 : INFO : __main__ : The sampled y is: [[ 1.12394296  1.93604989  1.29733012  2.28706531  1.89175775]
 [ 0.21060333  2.01258485  1.76135494  0.28466702 -0.57350169]
 [ 1.13629946  0.96366533  0.4769108   2.74035392 -1.0986966 ]
 [ 1.14205407  0.72839782  1.07481377 -1.16915695  1.66621771]
 [ 0.71462959  1.71224286  1.2584767   0.84272283  0.07834539]]
2021-12-29 02:31:00,462 : INFO : __main__ : The  true probability is: [[0.89281651 0.97596663 0.96937225 0.97384065 0.89536511]
 [0.88703589 0.98905988 0.98613419 0.90553754 0.62336015]
 [0.93961155 0.97372573 0.9613243  0.95529946 0.54223134]
 [0.93294333 0.96002931 0.94226847 0.72828578 0.77183075]
 [0.86159537 0.95412458 0.92387066 0.78999799 0.65206973]]
2021-12-29 02:31:07,096 : INFO : __main__ : The sampled x is: [[1 1 1 1 1]
 [1 1 1 1 1]
 [1 1 1 1 1]
 [1 1 1 1 1]
 [1 1 1 0 1]]
2021-12-29 02:31:07,096 : INFO : __main__ : The sampled y is: [[ 1.12394296  1.93604989  1.29733012  2.28706531  1.89175775]
 [ 0.21060333  2.01258485  1.76135494  0.28466702 -0.57350169]
 [ 1.13629946  0.96366533  0.4769108   2.74035392 -1.0986966 ]
 [ 1.14205407  0.72839782  1.07481377 -1.16915695  1.66621771]
 [ 0.71462959  1.71224286  1.2584767   0.84272283  0.07834539]]
2021-12-29 02:31:07,097 : INFO : __main__ : The  true probability is: [[0.89281651 0.97596663 0.96937225 0.97384065 0.89536511]
 [0.88703589 0.98905988 0.98613419 0.90553754 0.62336015]
 [0.93961155 0.97372573 0.9613243  0.95529946 0.54223134]
 [0.93294333 0.96002931 0.94226847 0.72828578 0.77183075]
 [0.86159537 0.95412458 0.92387066 0.78999799 0.65206973]]
2021-12-29 02:32:40,538 : INFO : __main__ : The sampled x is: [[1 1 1 1 1]
 [1 1 1 1 1]
 [1 1 1 1 1]
 [1 1 1 1 1]
 [1 1 1 0 1]]
2021-12-29 02:32:40,539 : INFO : __main__ : The sampled y is: [[ 1.12394296  1.93604989  1.29733012  2.28706531  1.89175775]
 [ 0.21060333  2.01258485  1.76135494  0.28466702 -0.57350169]
 [ 1.13629946  0.96366533  0.4769108   2.74035392 -1.0986966 ]
 [ 1.14205407  0.72839782  1.07481377 -1.16915695  1.66621771]
 [ 0.71462959  1.71224286  1.2584767   0.84272283  0.07834539]]
2021-12-29 02:32:40,540 : INFO : __main__ : The  true probability is: [[0.89281651 0.97596663 0.96937225 0.97384065 0.89536511]
 [0.88703589 0.98905988 0.98613419 0.90553754 0.62336015]
 [0.93961155 0.97372573 0.9613243  0.95529946 0.54223134]
 [0.93294333 0.96002931 0.94226847 0.72828578 0.77183075]
 [0.86159537 0.95412458 0.92387066 0.78999799 0.65206973]]
2021-12-29 02:33:33,329 : INFO : __main__ : The sampled x is: [[1 1 1 1 1]
 [1 1 1 1 1]
 [1 1 1 1 1]
 [1 1 1 1 1]
 [1 1 1 0 1]]
2021-12-29 02:33:33,330 : INFO : __main__ : The sampled y is: [[ 1.12394296  1.93604989  1.29733012  2.28706531  1.89175775]
 [ 0.21060333  2.01258485  1.76135494  0.28466702 -0.57350169]
 [ 1.13629946  0.96366533  0.4769108   2.74035392 -1.0986966 ]
 [ 1.14205407  0.72839782  1.07481377 -1.16915695  1.66621771]
 [ 0.71462959  1.71224286  1.2584767   0.84272283  0.07834539]]
2021-12-29 02:33:33,331 : INFO : __main__ : The  true probability is: [[0.89281651 0.97596663 0.96937225 0.97384065 0.89536511]
 [0.88703589 0.98905988 0.98613419 0.90553754 0.62336015]
 [0.93961155 0.97372573 0.9613243  0.95529946 0.54223134]
 [0.93294333 0.96002931 0.94226847 0.72828578 0.77183075]
 [0.86159537 0.95412458 0.92387066 0.78999799 0.65206973]]
2021-12-29 02:34:13,465 : INFO : __main__ : The sampled x is: [[1 1 1 1 1]
 [1 1 1 1 1]
 [1 1 1 1 1]
 [1 1 1 1 1]
 [1 1 1 0 1]]
2021-12-29 02:34:13,466 : INFO : __main__ : The sampled y is: [[ 1.12394296  1.93604989  1.29733012  2.28706531  1.89175775]
 [ 0.21060333  2.01258485  1.76135494  0.28466702 -0.57350169]
 [ 1.13629946  0.96366533  0.4769108   2.74035392 -1.0986966 ]
 [ 1.14205407  0.72839782  1.07481377 -1.16915695  1.66621771]
 [ 0.71462959  1.71224286  1.2584767   0.84272283  0.07834539]]
2021-12-29 02:34:13,467 : INFO : __main__ : The  true probability is: [[0.89281651 0.97596663 0.96937225 0.97384065 0.89536511]
 [0.88703589 0.98905988 0.98613419 0.90553754 0.62336015]
 [0.93961155 0.97372573 0.9613243  0.95529946 0.54223134]
 [0.93294333 0.96002931 0.94226847 0.72828578 0.77183075]
 [0.86159537 0.95412458 0.92387066 0.78999799 0.65206973]]
2021-12-29 02:57:14,932 : INFO : __main__ : The sampled x is: [[1 1 1 1 1]
 [1 1 1 1 1]
 [1 1 1 1 1]
 [1 1 1 1 1]
 [1 1 1 0 1]]
2021-12-29 02:57:14,933 : INFO : __main__ : The sampled y is: [[ 1.12394296  1.93604989  1.29733012  2.28706531  1.89175775]
 [ 0.21060333  2.01258485  1.76135494  0.28466702 -0.57350169]
 [ 1.13629946  0.96366533  0.4769108   2.74035392 -1.0986966 ]
 [ 1.14205407  0.72839782  1.07481377 -1.16915695  1.66621771]
 [ 0.71462959  1.71224286  1.2584767   0.84272283  0.07834539]]
2021-12-29 02:57:14,934 : INFO : __main__ : The  true probability is: [[0.89281651 0.97596663 0.96937225 0.97384065 0.89536511]
 [0.88703589 0.98905988 0.98613419 0.90553754 0.62336015]
 [0.93961155 0.97372573 0.9613243  0.95529946 0.54223134]
 [0.93294333 0.96002931 0.94226847 0.72828578 0.77183075]
 [0.86159537 0.95412458 0.92387066 0.78999799 0.65206973]]
2021-12-29 03:04:57,950 : INFO : __main__ : The sampled x is: [[1 1 1 1 1]
 [1 1 1 1 1]
 [1 1 1 1 1]
 [1 1 1 1 1]
 [1 1 1 0 1]]
2021-12-29 03:04:57,953 : INFO : __main__ : The sampled y is: [[ 1.12394296  1.93604989  1.29733012  2.28706531  1.89175775]
 [ 0.21060333  2.01258485  1.76135494  0.28466702 -0.57350169]
 [ 1.13629946  0.96366533  0.4769108   2.74035392 -1.0986966 ]
 [ 1.14205407  0.72839782  1.07481377 -1.16915695  1.66621771]
 [ 0.71462959  1.71224286  1.2584767   0.84272283  0.07834539]]
2021-12-29 03:04:57,954 : INFO : __main__ : The  true probability is: [[0.89281651 0.97596663 0.96937225 0.97384065 0.89536511]
 [0.88703589 0.98905988 0.98613419 0.90553754 0.62336015]
 [0.93961155 0.97372573 0.9613243  0.95529946 0.54223134]
 [0.93294333 0.96002931 0.94226847 0.72828578 0.77183075]
 [0.86159537 0.95412458 0.92387066 0.78999799 0.65206973]]
2021-12-29 03:08:54,659 : INFO : __main__ : The sampled x is: [[1 1 1 1 1]
 [1 1 1 1 1]
 [1 1 1 1 1]
 [1 1 1 1 1]
 [1 1 1 0 1]]
2021-12-29 03:08:54,660 : INFO : __main__ : The sampled y is: [[ 1.12394296  1.93604989  1.29733012  2.28706531  1.89175775]
 [ 0.21060333  2.01258485  1.76135494  0.28466702 -0.57350169]
 [ 1.13629946  0.96366533  0.4769108   2.74035392 -1.0986966 ]
 [ 1.14205407  0.72839782  1.07481377 -1.16915695  1.66621771]
 [ 0.71462959  1.71224286  1.2584767   0.84272283  0.07834539]]
2021-12-29 03:08:54,661 : INFO : __main__ : The  true probability is: [[0.89281651 0.97596663 0.96937225 0.97384065 0.89536511]
 [0.88703589 0.98905988 0.98613419 0.90553754 0.62336015]
 [0.93961155 0.97372573 0.9613243  0.95529946 0.54223134]
 [0.93294333 0.96002931 0.94226847 0.72828578 0.77183075]
 [0.86159537 0.95412458 0.92387066 0.78999799 0.65206973]]
2021-12-29 03:09:42,804 : INFO : __main__ : The sampled x is: [[1 1 1 1 1]
 [1 1 1 1 1]
 [1 1 1 1 1]
 [1 1 1 1 1]
 [1 1 1 0 1]]
2021-12-29 03:09:42,807 : INFO : __main__ : The sampled y is: [[ 1.12394296  1.93604989  1.29733012  2.28706531  1.89175775]
 [ 0.21060333  2.01258485  1.76135494  0.28466702 -0.57350169]
 [ 1.13629946  0.96366533  0.4769108   2.74035392 -1.0986966 ]
 [ 1.14205407  0.72839782  1.07481377 -1.16915695  1.66621771]
 [ 0.71462959  1.71224286  1.2584767   0.84272283  0.07834539]]
2021-12-29 03:09:42,808 : INFO : __main__ : The  true probability is: [[0.89281651 0.97596663 0.96937225 0.97384065 0.89536511]
 [0.88703589 0.98905988 0.98613419 0.90553754 0.62336015]
 [0.93961155 0.97372573 0.9613243  0.95529946 0.54223134]
 [0.93294333 0.96002931 0.94226847 0.72828578 0.77183075]
 [0.86159537 0.95412458 0.92387066 0.78999799 0.65206973]]
2021-12-29 03:09:50,696 : INFO : __main__ : The sampled x is: [[1 1 1 1 1]
 [1 1 1 1 1]
 [1 1 1 1 1]
 [1 1 1 1 1]
 [1 1 1 0 1]]
2021-12-29 03:09:50,698 : INFO : __main__ : The sampled y is: [[ 1.12394296  1.93604989  1.29733012  2.28706531  1.89175775]
 [ 0.21060333  2.01258485  1.76135494  0.28466702 -0.57350169]
 [ 1.13629946  0.96366533  0.4769108   2.74035392 -1.0986966 ]
 [ 1.14205407  0.72839782  1.07481377 -1.16915695  1.66621771]
 [ 0.71462959  1.71224286  1.2584767   0.84272283  0.07834539]]
2021-12-29 03:09:50,699 : INFO : __main__ : The  true probability is: [[0.89281651 0.97596663 0.96937225 0.97384065 0.89536511]
 [0.88703589 0.98905988 0.98613419 0.90553754 0.62336015]
 [0.93961155 0.97372573 0.9613243  0.95529946 0.54223134]
 [0.93294333 0.96002931 0.94226847 0.72828578 0.77183075]
 [0.86159537 0.95412458 0.92387066 0.78999799 0.65206973]]
2021-12-29 03:10:55,553 : INFO : __main__ : The sampled x is: [[1 1 1 1 1]
 [1 1 1 1 1]
 [1 1 1 1 1]
 [1 1 1 1 1]
 [1 1 1 0 1]]
2021-12-29 03:10:55,555 : INFO : __main__ : The sampled y is: [[ 1.12394296  1.93604989  1.29733012  2.28706531  1.89175775]
 [ 0.21060333  2.01258485  1.76135494  0.28466702 -0.57350169]
 [ 1.13629946  0.96366533  0.4769108   2.74035392 -1.0986966 ]
 [ 1.14205407  0.72839782  1.07481377 -1.16915695  1.66621771]
 [ 0.71462959  1.71224286  1.2584767   0.84272283  0.07834539]]
2021-12-29 03:10:55,556 : INFO : __main__ : The  true probability is: [[0.89281651 0.97596663 0.96937225 0.97384065 0.89536511]
 [0.88703589 0.98905988 0.98613419 0.90553754 0.62336015]
 [0.93961155 0.97372573 0.9613243  0.95529946 0.54223134]
 [0.93294333 0.96002931 0.94226847 0.72828578 0.77183075]
 [0.86159537 0.95412458 0.92387066 0.78999799 0.65206973]]
2021-12-29 03:11:21,613 : INFO : __main__ : The sampled x is: [[1 1 1 1 1]
 [1 1 1 1 1]
 [1 1 1 1 1]
 [1 1 1 1 1]
 [1 1 1 0 1]]
2021-12-29 03:11:21,616 : INFO : __main__ : The sampled y is: [[ 1.12394296  1.93604989  1.29733012  2.28706531  1.89175775]
 [ 0.21060333  2.01258485  1.76135494  0.28466702 -0.57350169]
 [ 1.13629946  0.96366533  0.4769108   2.74035392 -1.0986966 ]
 [ 1.14205407  0.72839782  1.07481377 -1.16915695  1.66621771]
 [ 0.71462959  1.71224286  1.2584767   0.84272283  0.07834539]]
2021-12-29 03:11:21,617 : INFO : __main__ : The  true probability is: [[0.89281651 0.97596663 0.96937225 0.97384065 0.89536511]
 [0.88703589 0.98905988 0.98613419 0.90553754 0.62336015]
 [0.93961155 0.97372573 0.9613243  0.95529946 0.54223134]
 [0.93294333 0.96002931 0.94226847 0.72828578 0.77183075]
 [0.86159537 0.95412458 0.92387066 0.78999799 0.65206973]]
2021-12-29 03:15:34,824 : INFO : __main__ : The sampled x is: [[1 1 1 1 1]
 [1 1 1 1 1]
 [1 1 1 1 1]
 [1 1 1 1 1]
 [1 1 1 0 1]]
2021-12-29 03:15:34,827 : INFO : __main__ : The sampled y is: [[ 1.12394296  1.93604989  1.29733012  2.28706531  1.89175775]
 [ 0.21060333  2.01258485  1.76135494  0.28466702 -0.57350169]
 [ 1.13629946  0.96366533  0.4769108   2.74035392 -1.0986966 ]
 [ 1.14205407  0.72839782  1.07481377 -1.16915695  1.66621771]
 [ 0.71462959  1.71224286  1.2584767   0.84272283  0.07834539]]
2021-12-29 03:15:34,830 : INFO : __main__ : The  true probability is: [[0.89281651 0.97596663 0.96937225 0.97384065 0.89536511]
 [0.88703589 0.98905988 0.98613419 0.90553754 0.62336015]
 [0.93961155 0.97372573 0.9613243  0.95529946 0.54223134]
 [0.93294333 0.96002931 0.94226847 0.72828578 0.77183075]
 [0.86159537 0.95412458 0.92387066 0.78999799 0.65206973]]
2021-12-29 03:17:03,168 : INFO : __main__ : The sampled x is: [[1 1 1 1 1]
 [1 1 1 1 1]
 [1 1 1 1 1]
 [1 1 1 1 1]
 [1 1 1 0 1]]
2021-12-29 03:17:03,169 : INFO : __main__ : The sampled y is: [[ 1.12394296  1.93604989  1.29733012  2.28706531  1.89175775]
 [ 0.21060333  2.01258485  1.76135494  0.28466702 -0.57350169]
 [ 1.13629946  0.96366533  0.4769108   2.74035392 -1.0986966 ]
 [ 1.14205407  0.72839782  1.07481377 -1.16915695  1.66621771]
 [ 0.71462959  1.71224286  1.2584767   0.84272283  0.07834539]]
2021-12-29 03:17:03,170 : INFO : __main__ : The  true probability is: [[0.89281651 0.97596663 0.96937225 0.97384065 0.89536511]
 [0.88703589 0.98905988 0.98613419 0.90553754 0.62336015]
 [0.93961155 0.97372573 0.9613243  0.95529946 0.54223134]
 [0.93294333 0.96002931 0.94226847 0.72828578 0.77183075]
 [0.86159537 0.95412458 0.92387066 0.78999799 0.65206973]]
2021-12-29 03:19:02,601 : INFO : __main__ : The sampled x is: [[1 1 1 1 1]
 [1 1 1 1 1]
 [1 1 1 1 1]
 [1 1 1 1 1]
 [1 1 1 0 1]]
2021-12-29 03:19:02,602 : INFO : __main__ : The sampled y is: [[ 1.12394296  1.93604989  1.29733012  2.28706531  1.89175775]
 [ 0.21060333  2.01258485  1.76135494  0.28466702 -0.57350169]
 [ 1.13629946  0.96366533  0.4769108   2.74035392 -1.0986966 ]
 [ 1.14205407  0.72839782  1.07481377 -1.16915695  1.66621771]
 [ 0.71462959  1.71224286  1.2584767   0.84272283  0.07834539]]
2021-12-29 03:19:02,604 : INFO : __main__ : The  true probability is: [[0.89281651 0.97596663 0.96937225 0.97384065 0.89536511]
 [0.88703589 0.98905988 0.98613419 0.90553754 0.62336015]
 [0.93961155 0.97372573 0.9613243  0.95529946 0.54223134]
 [0.93294333 0.96002931 0.94226847 0.72828578 0.77183075]
 [0.86159537 0.95412458 0.92387066 0.78999799 0.65206973]]
2021-12-29 03:20:40,216 : INFO : __main__ : The sampled x is: [[1 1 1 1 1]
 [1 1 1 1 1]
 [1 1 1 1 1]
 [1 1 1 1 1]
 [1 1 1 0 1]]
2021-12-29 03:20:40,217 : INFO : __main__ : The sampled y is: [[ 1.12394296  1.93604989  1.29733012  2.28706531  1.89175775]
 [ 0.21060333  2.01258485  1.76135494  0.28466702 -0.57350169]
 [ 1.13629946  0.96366533  0.4769108   2.74035392 -1.0986966 ]
 [ 1.14205407  0.72839782  1.07481377 -1.16915695  1.66621771]
 [ 0.71462959  1.71224286  1.2584767   0.84272283  0.07834539]]
2021-12-29 03:20:40,219 : INFO : __main__ : The  true probability is: [[0.89281651 0.97596663 0.96937225 0.97384065 0.89536511]
 [0.88703589 0.98905988 0.98613419 0.90553754 0.62336015]
 [0.93961155 0.97372573 0.9613243  0.95529946 0.54223134]
 [0.93294333 0.96002931 0.94226847 0.72828578 0.77183075]
 [0.86159537 0.95412458 0.92387066 0.78999799 0.65206973]]
2021-12-29 13:30:17,586 : INFO : __main__ : The sampled x is: [[1 1 1 1 1]
 [1 1 1 1 1]
 [1 1 1 1 1]
 [1 1 1 1 1]
 [1 1 1 0 1]]
2021-12-29 13:30:17,588 : INFO : __main__ : The sampled y is: [[ 1.12394296  1.93604989  1.29733012  2.28706531  1.89175775]
 [ 0.21060333  2.01258485  1.76135494  0.28466702 -0.57350169]
 [ 1.13629946  0.96366533  0.4769108   2.74035392 -1.0986966 ]
 [ 1.14205407  0.72839782  1.07481377 -1.16915695  1.66621771]
 [ 0.71462959  1.71224286  1.2584767   0.84272283  0.07834539]]
2021-12-29 13:30:17,589 : INFO : __main__ : The  true probability is: [[0.89281651 0.97596663 0.96937225 0.97384065 0.89536511]
 [0.88703589 0.98905988 0.98613419 0.90553754 0.62336015]
 [0.93961155 0.97372573 0.9613243  0.95529946 0.54223134]
 [0.93294333 0.96002931 0.94226847 0.72828578 0.77183075]
 [0.86159537 0.95412458 0.92387066 0.78999799 0.65206973]]
